0 info it worked if it ends with ok
1 verbose cli [ '/usr/bin/nodejs', '/usr/bin/npm', 'install' ]
2 info using npm@3.5.2
3 info using node@v4.2.6
4 silly loadCurrentTree Starting
5 silly install loadCurrentTree
6 silly install readLocalPackageData
7 silly install normalizeTree
8 silly loadCurrentTree Finishing
9 silly loadIdealTree Starting
10 silly install loadIdealTree
11 silly cloneCurrentTree Starting
12 silly install cloneCurrentTreeToIdealTree
13 silly cloneCurrentTree Finishing
14 silly loadShrinkwrap Starting
15 silly install loadShrinkwrap
16 silly loadShrinkwrap Finishing
17 silly loadAllDepsIntoIdealTree Starting
18 silly install loadAllDepsIntoIdealTree
19 silly fetchNamedPackageData transformers
20 silly mapToRegistry name transformers
21 silly mapToRegistry using default registry
22 silly mapToRegistry registry https://registry.npmjs.org/
23 silly mapToRegistry uri https://registry.npmjs.org/transformers
24 verbose request uri https://registry.npmjs.org/transformers
25 verbose request no auth needed
26 info attempt registry request try #1 at 8:57:02 PM
27 verbose request id 4be1d4ab287a462d
28 verbose etag W/"5730d8c9-9ce2"
29 verbose lastModified Mon, 09 May 2016 18:36:57 GMT
30 http request GET https://registry.npmjs.org/transformers
31 http 304 https://registry.npmjs.org/transformers
32 verbose headers { date: 'Thu, 14 Sep 2017 00:57:03 GMT',
32 verbose headers   via: '1.1 varnish',
32 verbose headers   'cache-control': 'max-age=300',
32 verbose headers   etag: 'W/"5730d8c9-9ce2"',
32 verbose headers   age: '0',
32 verbose headers   connection: 'keep-alive',
32 verbose headers   'x-served-by': 'cache-dca17721-DCA',
32 verbose headers   'x-cache': 'HIT',
32 verbose headers   'x-cache-hits': '1',
32 verbose headers   'x-timer': 'S1505350623.004329,VS0,VE7',
32 verbose headers   vary: 'Accept-Encoding, Accept' }
33 silly get cb [ 304,
33 silly get   { date: 'Thu, 14 Sep 2017 00:57:03 GMT',
33 silly get     via: '1.1 varnish',
33 silly get     'cache-control': 'max-age=300',
33 silly get     etag: 'W/"5730d8c9-9ce2"',
33 silly get     age: '0',
33 silly get     connection: 'keep-alive',
33 silly get     'x-served-by': 'cache-dca17721-DCA',
33 silly get     'x-cache': 'HIT',
33 silly get     'x-cache-hits': '1',
33 silly get     'x-timer': 'S1505350623.004329,VS0,VE7',
33 silly get     vary: 'Accept-Encoding, Accept' } ]
34 verbose etag https://registry.npmjs.org/transformers from cache
35 verbose get saving transformers to /home/user/.npm/registry.npmjs.org/transformers/.cache.json
36 silly resolveWithNewModule transformers@2.1.0 checking installable status
37 silly cache add args [ 'transformers@2.1.0', null ]
38 verbose cache add spec transformers@2.1.0
39 silly cache add parsed spec Result {
39 silly cache add   raw: 'transformers@2.1.0',
39 silly cache add   scope: null,
39 silly cache add   name: 'transformers',
39 silly cache add   rawSpec: '2.1.0',
39 silly cache add   spec: '2.1.0',
39 silly cache add   type: 'version' }
40 silly addNamed transformers@2.1.0
41 verbose addNamed "2.1.0" is a plain semver version for transformers
42 silly mapToRegistry name transformers
43 silly mapToRegistry using default registry
44 silly mapToRegistry registry https://registry.npmjs.org/
45 silly mapToRegistry uri https://registry.npmjs.org/transformers
46 verbose addNameVersion registry:https://registry.npmjs.org/transformers not in flight; fetching
47 verbose get https://registry.npmjs.org/transformers not expired, no request
48 warn deprecated transformers@2.1.0: Deprecated, use jstransformer
49 silly cache afterAdd transformers@2.1.0
50 verbose afterAdd /home/user/.npm/transformers/2.1.0/package/package.json not in flight; writing
51 verbose afterAdd /home/user/.npm/transformers/2.1.0/package/package.json written
52 silly fetchNamedPackageData amdefine
53 silly mapToRegistry name amdefine
54 silly mapToRegistry using default registry
55 silly mapToRegistry registry https://registry.npmjs.org/
56 silly mapToRegistry uri https://registry.npmjs.org/amdefine
57 verbose request uri https://registry.npmjs.org/amdefine
58 verbose request no auth needed
59 info attempt registry request try #1 at 8:57:03 PM
60 verbose etag W/"594a8a79-48b3"
61 verbose lastModified Wed, 21 Jun 2017 15:02:17 GMT
62 http request GET https://registry.npmjs.org/amdefine
63 http 304 https://registry.npmjs.org/amdefine
64 verbose headers { date: 'Thu, 14 Sep 2017 00:57:03 GMT',
64 verbose headers   via: '1.1 varnish',
64 verbose headers   'cache-control': 'max-age=300',
64 verbose headers   etag: 'W/"594a8a79-48b3"',
64 verbose headers   age: '38',
64 verbose headers   connection: 'keep-alive',
64 verbose headers   'x-served-by': 'cache-dca17722-DCA',
64 verbose headers   'x-cache': 'HIT',
64 verbose headers   'x-cache-hits': '2',
64 verbose headers   'x-timer': 'S1505350623.194087,VS0,VE0',
64 verbose headers   vary: 'Accept-Encoding, Accept' }
65 silly get cb [ 304,
65 silly get   { date: 'Thu, 14 Sep 2017 00:57:03 GMT',
65 silly get     via: '1.1 varnish',
65 silly get     'cache-control': 'max-age=300',
65 silly get     etag: 'W/"594a8a79-48b3"',
65 silly get     age: '38',
65 silly get     connection: 'keep-alive',
65 silly get     'x-served-by': 'cache-dca17722-DCA',
65 silly get     'x-cache': 'HIT',
65 silly get     'x-cache-hits': '2',
65 silly get     'x-timer': 'S1505350623.194087,VS0,VE0',
65 silly get     vary: 'Accept-Encoding, Accept' } ]
66 verbose etag https://registry.npmjs.org/amdefine from cache
67 verbose get saving amdefine to /home/user/.npm/registry.npmjs.org/amdefine/.cache.json
68 silly resolveWithNewModule amdefine@1.0.1 checking installable status
69 silly cache add args [ 'amdefine@>=0.0.4', null ]
70 verbose cache add spec amdefine@>=0.0.4
71 silly cache add parsed spec Result {
71 silly cache add   raw: 'amdefine@>=0.0.4',
71 silly cache add   scope: null,
71 silly cache add   name: 'amdefine',
71 silly cache add   rawSpec: '>=0.0.4',
71 silly cache add   spec: '>=0.0.4',
71 silly cache add   type: 'range' }
72 silly addNamed amdefine@>=0.0.4
73 verbose addNamed ">=0.0.4" is a valid semver range for amdefine
74 silly addNameRange { name: 'amdefine', range: '>=0.0.4', hasData: false }
75 silly mapToRegistry name amdefine
76 silly mapToRegistry using default registry
77 silly mapToRegistry registry https://registry.npmjs.org/
78 silly mapToRegistry uri https://registry.npmjs.org/amdefine
79 verbose addNameRange registry:https://registry.npmjs.org/amdefine not in flight; fetching
80 verbose get https://registry.npmjs.org/amdefine not expired, no request
81 silly addNameRange number 2 { name: 'amdefine', range: '>=0.0.4', hasData: true }
82 silly addNameRange versions [ 'amdefine',
82 silly addNameRange   [ '0.0.1',
82 silly addNameRange     '0.0.2',
82 silly addNameRange     '0.0.3',
82 silly addNameRange     '0.0.4',
82 silly addNameRange     '0.0.5',
82 silly addNameRange     '0.0.6',
82 silly addNameRange     '0.0.7',
82 silly addNameRange     '0.0.8',
82 silly addNameRange     '0.1.0',
82 silly addNameRange     '0.1.1',
82 silly addNameRange     '1.0.0',
82 silly addNameRange     '1.0.1' ] ]
83 silly addNamed amdefine@1.0.1
84 verbose addNamed "1.0.1" is a plain semver version for amdefine
85 silly cache afterAdd amdefine@1.0.1
86 verbose afterAdd /home/user/.npm/amdefine/1.0.1/package/package.json not in flight; writing
87 verbose afterAdd /home/user/.npm/amdefine/1.0.1/package/package.json written
88 silly fetchNamedPackageData uglify-js
89 silly mapToRegistry name uglify-js
90 silly mapToRegistry using default registry
91 silly mapToRegistry registry https://registry.npmjs.org/
92 silly mapToRegistry uri https://registry.npmjs.org/uglify-js
93 verbose request uri https://registry.npmjs.org/uglify-js
94 verbose request no auth needed
95 info attempt registry request try #1 at 8:57:03 PM
96 verbose etag W/"59b500fc-380ae"
97 verbose lastModified Sun, 10 Sep 2017 09:08:12 GMT
98 http request GET https://registry.npmjs.org/uglify-js
99 http 304 https://registry.npmjs.org/uglify-js
100 verbose headers { date: 'Thu, 14 Sep 2017 00:57:03 GMT',
100 verbose headers   via: '1.1 varnish',
100 verbose headers   'cache-control': 'max-age=300',
100 verbose headers   etag: 'W/"59b500fc-380ae"',
100 verbose headers   age: '193',
100 verbose headers   connection: 'keep-alive',
100 verbose headers   'x-served-by': 'cache-dca17721-DCA',
100 verbose headers   'x-cache': 'HIT',
100 verbose headers   'x-cache-hits': '1',
100 verbose headers   'x-timer': 'S1505350623.343945,VS0,VE0',
100 verbose headers   vary: 'Accept-Encoding, Accept' }
101 silly get cb [ 304,
101 silly get   { date: 'Thu, 14 Sep 2017 00:57:03 GMT',
101 silly get     via: '1.1 varnish',
101 silly get     'cache-control': 'max-age=300',
101 silly get     etag: 'W/"59b500fc-380ae"',
101 silly get     age: '193',
101 silly get     connection: 'keep-alive',
101 silly get     'x-served-by': 'cache-dca17721-DCA',
101 silly get     'x-cache': 'HIT',
101 silly get     'x-cache-hits': '1',
101 silly get     'x-timer': 'S1505350623.343945,VS0,VE0',
101 silly get     vary: 'Accept-Encoding, Accept' } ]
102 verbose etag https://registry.npmjs.org/uglify-js from cache
103 verbose get saving uglify-js to /home/user/.npm/registry.npmjs.org/uglify-js/.cache.json
104 silly resolveWithNewModule uglify-js@2.2.5 checking installable status
105 silly cache add args [ 'uglify-js@~2.2.5', null ]
106 verbose cache add spec uglify-js@~2.2.5
107 silly cache add parsed spec Result {
107 silly cache add   raw: 'uglify-js@~2.2.5',
107 silly cache add   scope: null,
107 silly cache add   name: 'uglify-js',
107 silly cache add   rawSpec: '~2.2.5',
107 silly cache add   spec: '>=2.2.5 <2.3.0',
107 silly cache add   type: 'range' }
108 silly addNamed uglify-js@>=2.2.5 <2.3.0
109 verbose addNamed ">=2.2.5 <2.3.0" is a valid semver range for uglify-js
110 silly addNameRange { name: 'uglify-js', range: '>=2.2.5 <2.3.0', hasData: false }
111 silly mapToRegistry name uglify-js
112 silly mapToRegistry using default registry
113 silly mapToRegistry registry https://registry.npmjs.org/
114 silly mapToRegistry uri https://registry.npmjs.org/uglify-js
115 verbose addNameRange registry:https://registry.npmjs.org/uglify-js not in flight; fetching
116 verbose get https://registry.npmjs.org/uglify-js not expired, no request
117 silly addNameRange number 2 { name: 'uglify-js', range: '>=2.2.5 <2.3.0', hasData: true }
118 silly addNameRange versions [ 'uglify-js',
118 silly addNameRange   [ '0.0.1',
118 silly addNameRange     '0.0.2',
118 silly addNameRange     '0.0.3',
118 silly addNameRange     '0.0.4',
118 silly addNameRange     '0.0.5',
118 silly addNameRange     '1.0.1',
118 silly addNameRange     '1.0.2',
118 silly addNameRange     '1.0.3',
118 silly addNameRange     '1.0.4',
118 silly addNameRange     '1.0.5',
118 silly addNameRange     '1.0.6',
118 silly addNameRange     '1.0.7',
118 silly addNameRange     '1.1.0',
118 silly addNameRange     '1.1.1',
118 silly addNameRange     '1.2.0',
118 silly addNameRange     '1.2.1',
118 silly addNameRange     '1.2.2',
118 silly addNameRange     '1.2.3',
118 silly addNameRange     '1.2.4',
118 silly addNameRange     '1.2.5',
118 silly addNameRange     '1.2.6',
118 silly addNameRange     '1.3.0',
118 silly addNameRange     '1.3.1',
118 silly addNameRange     '1.3.2',
118 silly addNameRange     '1.3.3',
118 silly addNameRange     '1.3.4',
118 silly addNameRange     '2.2.0',
118 silly addNameRange     '2.2.1',
118 silly addNameRange     '2.2.2',
118 silly addNameRange     '2.2.3',
118 silly addNameRange     '2.2.4',
118 silly addNameRange     '2.2.5',
118 silly addNameRange     '2.3.0',
118 silly addNameRange     '2.3.1',
118 silly addNameRange     '2.3.2',
118 silly addNameRange     '2.3.3',
118 silly addNameRange     '2.3.4',
118 silly addNameRange     '2.3.5',
118 silly addNameRange     '2.3.6',
118 silly addNameRange     '1.3.5',
118 silly addNameRange     '2.4.0',
118 silly addNameRange     '2.4.1',
118 silly addNameRange     '2.4.2',
118 silly addNameRange     '2.4.3',
118 silly addNameRange     '2.4.4',
118 silly addNameRange     '2.4.5',
118 silly addNameRange     '2.4.6',
118 silly addNameRange     '2.4.7',
118 silly addNameRange     '2.4.8',
118 silly addNameRange     '2.4.9',
118 silly addNameRange     '2.4.10',
118 silly addNameRange     '2.4.11',
118 silly addNameRange     '2.4.12',
118 silly addNameRange     '2.4.13',
118 silly addNameRange     '2.4.14',
118 silly addNameRange     '2.4.15',
118 silly addNameRange     '2.4.16',
118 silly addNameRange     '2.4.17',
118 silly addNameRange     '2.4.18',
118 silly addNameRange     '2.4.19',
118 silly addNameRange     '2.4.20',
118 silly addNameRange     '2.4.21',
118 silly addNameRange     '2.4.22',
118 silly addNameRange     '2.4.23',
118 silly addNameRange     '2.4.24',
118 silly addNameRange     '2.5.0',
118 silly addNameRange     '2.6.0',
118 silly addNameRange     '2.6.1',
118 silly addNameRange     '2.6.2',
118 silly addNameRange     '2.6.3',
118 silly addNameRange     '2.6.4',
118 silly addNameRange     '2.7.0',
118 silly addNameRange     '2.7.1',
118 silly addNameRange     '2.7.2',
118 silly addNameRange     '2.7.3',
118 silly addNameRange     '2.7.4',
118 silly addNameRange     '2.7.5',
118 silly addNameRange     '2.8.0',
118 silly addNameRange     '2.8.1',
118 silly addNameRange     '2.8.2',
118 silly addNameRange     '2.8.3',
118 silly addNameRange     '2.8.4',
118 silly addNameRange     '2.8.5',
118 silly addNameRange     '2.8.6',
118 silly addNameRange     '2.8.7',
118 silly addNameRange     '2.8.8',
118 silly addNameRange     '2.8.9',
118 silly addNameRange     '2.8.10',
118 silly addNameRange     '2.8.11',
118 silly addNameRange     '2.8.12',
118 silly addNameRange     '2.8.13',
118 silly addNameRange     '2.8.14',
118 silly addNameRange     '2.8.15',
118 silly addNameRange     '2.8.16',
118 silly addNameRange     '2.8.17',
118 silly addNameRange     '2.8.18',
118 silly addNameRange     '2.8.19',
118 silly addNameRange     '2.8.20',
118 silly addNameRange     '2.8.21',
118 silly addNameRange     '2.8.22',
118 silly addNameRange     '3.0.0',
118 silly addNameRange     '2.8.23',
118 silly addNameRange     '3.0.1',
118 silly addNameRange     '3.0.3',
118 silly addNameRange     '3.0.4',
118 silly addNameRange     '2.8.24',
118 silly addNameRange     '3.0.5',
118 silly addNameRange     '2.8.25',
118 silly addNameRange     '2.8.26',
118 silly addNameRange     '3.0.6',
118 silly addNameRange     '3.0.7',
118 silly addNameRange     '3.0.8',
118 silly addNameRange     '3.0.9',
118 silly addNameRange     '2.8.27',
118 silly addNameRange     '3.0.10',
118 silly addNameRange     '3.0.11',
118 silly addNameRange     '3.0.12',
118 silly addNameRange     '3.0.13',
118 silly addNameRange     '3.0.14',
118 silly addNameRange     '3.0.15',
118 silly addNameRange     '2.8.28',
118 silly addNameRange     '2.8.29',
118 silly addNameRange     '3.0.16',
118 silly addNameRange     '3.0.17',
118 silly addNameRange     '3.0.18',
118 silly addNameRange     '3.0.19',
118 silly addNameRange     '3.0.20',
118 silly addNameRange     '3.0.21',
118 silly addNameRange     '3.0.22',
118 silly addNameRange     '3.0.23',
118 silly addNameRange     '3.0.24',
118 silly addNameRange     '3.0.25',
118 silly addNameRange     '3.0.26',
118 silly addNameRange     '3.0.27',
118 silly addNameRange     '3.0.28',
118 silly addNameRange     '3.1.0' ] ]
119 silly addNamed uglify-js@2.2.5
120 verbose addNamed "2.2.5" is a plain semver version for uglify-js
121 silly cache afterAdd uglify-js@2.2.5
122 verbose afterAdd /home/user/.npm/uglify-js/2.2.5/package/package.json not in flight; writing
123 verbose afterAdd /home/user/.npm/uglify-js/2.2.5/package/package.json written
124 silly fetchNamedPackageData fsevents
125 silly mapToRegistry name fsevents
126 silly mapToRegistry using default registry
127 silly mapToRegistry registry https://registry.npmjs.org/
128 silly mapToRegistry uri https://registry.npmjs.org/fsevents
129 verbose request uri https://registry.npmjs.org/fsevents
130 verbose request no auth needed
131 info attempt registry request try #1 at 8:57:03 PM
132 verbose etag W/"597215e7-dd9a"
133 verbose lastModified Fri, 21 Jul 2017 14:55:35 GMT
134 http request GET https://registry.npmjs.org/fsevents
135 http 304 https://registry.npmjs.org/fsevents
136 verbose headers { date: 'Thu, 14 Sep 2017 00:57:03 GMT',
136 verbose headers   via: '1.1 varnish',
136 verbose headers   'cache-control': 'max-age=300',
136 verbose headers   etag: 'W/"597215e7-dd9a"',
136 verbose headers   age: '263',
136 verbose headers   connection: 'keep-alive',
136 verbose headers   'x-served-by': 'cache-dca17746-DCA',
136 verbose headers   'x-cache': 'HIT',
136 verbose headers   'x-cache-hits': '2',
136 verbose headers   'x-timer': 'S1505350624.597451,VS0,VE0',
136 verbose headers   vary: 'Accept-Encoding, Accept' }
137 silly get cb [ 304,
137 silly get   { date: 'Thu, 14 Sep 2017 00:57:03 GMT',
137 silly get     via: '1.1 varnish',
137 silly get     'cache-control': 'max-age=300',
137 silly get     etag: 'W/"597215e7-dd9a"',
137 silly get     age: '263',
137 silly get     connection: 'keep-alive',
137 silly get     'x-served-by': 'cache-dca17746-DCA',
137 silly get     'x-cache': 'HIT',
137 silly get     'x-cache-hits': '2',
137 silly get     'x-timer': 'S1505350624.597451,VS0,VE0',
137 silly get     vary: 'Accept-Encoding, Accept' } ]
138 verbose etag https://registry.npmjs.org/fsevents from cache
139 verbose get saving fsevents to /home/user/.npm/registry.npmjs.org/fsevents/.cache.json
140 silly resolveWithNewModule fsevents@1.1.2 checking installable status
141 silly fetchNamedPackageData debug
142 silly mapToRegistry name debug
143 silly mapToRegistry using default registry
144 silly mapToRegistry registry https://registry.npmjs.org/
145 silly mapToRegistry uri https://registry.npmjs.org/debug
146 verbose request uri https://registry.npmjs.org/debug
147 verbose request no auth needed
148 info attempt registry request try #1 at 8:57:03 PM
149 verbose etag W/"59b8e545-17e75"
150 verbose lastModified Wed, 13 Sep 2017 07:59:01 GMT
151 http request GET https://registry.npmjs.org/debug
152 http 304 https://registry.npmjs.org/debug
153 verbose headers { date: 'Thu, 14 Sep 2017 00:57:03 GMT',
153 verbose headers   via: '1.1 varnish',
153 verbose headers   'cache-control': 'max-age=300',
153 verbose headers   etag: 'W/"59b8e545-17e75"',
153 verbose headers   age: '0',
153 verbose headers   connection: 'keep-alive',
153 verbose headers   'x-served-by': 'cache-dca17732-DCA',
153 verbose headers   'x-cache': 'HIT',
153 verbose headers   'x-cache-hits': '1',
153 verbose headers   'x-timer': 'S1505350624.836298,VS0,VE7',
153 verbose headers   vary: 'Accept-Encoding, Accept' }
154 silly get cb [ 304,
154 silly get   { date: 'Thu, 14 Sep 2017 00:57:03 GMT',
154 silly get     via: '1.1 varnish',
154 silly get     'cache-control': 'max-age=300',
154 silly get     etag: 'W/"59b8e545-17e75"',
154 silly get     age: '0',
154 silly get     connection: 'keep-alive',
154 silly get     'x-served-by': 'cache-dca17732-DCA',
154 silly get     'x-cache': 'HIT',
154 silly get     'x-cache-hits': '1',
154 silly get     'x-timer': 'S1505350624.836298,VS0,VE7',
154 silly get     vary: 'Accept-Encoding, Accept' } ]
155 verbose etag https://registry.npmjs.org/debug from cache
156 verbose get saving debug to /home/user/.npm/registry.npmjs.org/debug/.cache.json
157 silly resolveWithNewModule debug@2.6.8 checking installable status
158 silly cache add args [ 'debug@^2.6.8', null ]
159 verbose cache add spec debug@^2.6.8
160 silly cache add parsed spec Result {
160 silly cache add   raw: 'debug@^2.6.8',
160 silly cache add   scope: null,
160 silly cache add   name: 'debug',
160 silly cache add   rawSpec: '^2.6.8',
160 silly cache add   spec: '>=2.6.8 <3.0.0',
160 silly cache add   type: 'range' }
161 silly addNamed debug@>=2.6.8 <3.0.0
162 verbose addNamed ">=2.6.8 <3.0.0" is a valid semver range for debug
163 silly addNameRange { name: 'debug', range: '>=2.6.8 <3.0.0', hasData: false }
164 silly mapToRegistry name debug
165 silly mapToRegistry using default registry
166 silly mapToRegistry registry https://registry.npmjs.org/
167 silly mapToRegistry uri https://registry.npmjs.org/debug
168 verbose addNameRange registry:https://registry.npmjs.org/debug not in flight; fetching
169 verbose get https://registry.npmjs.org/debug not expired, no request
170 silly addNameRange number 2 { name: 'debug', range: '>=2.6.8 <3.0.0', hasData: true }
171 silly addNameRange versions [ 'debug',
171 silly addNameRange   [ '0.0.1',
171 silly addNameRange     '0.1.0',
171 silly addNameRange     '0.2.0',
171 silly addNameRange     '0.3.0',
171 silly addNameRange     '0.4.0',
171 silly addNameRange     '0.4.1',
171 silly addNameRange     '0.5.0',
171 silly addNameRange     '0.6.0',
171 silly addNameRange     '0.7.0',
171 silly addNameRange     '0.7.1',
171 silly addNameRange     '0.7.2',
171 silly addNameRange     '0.7.3',
171 silly addNameRange     '0.7.4',
171 silly addNameRange     '0.8.0',
171 silly addNameRange     '0.8.1',
171 silly addNameRange     '1.0.0',
171 silly addNameRange     '1.0.1',
171 silly addNameRange     '1.0.2',
171 silly addNameRange     '1.0.3',
171 silly addNameRange     '1.0.4',
171 silly addNameRange     '2.0.0',
171 silly addNameRange     '2.1.0',
171 silly addNameRange     '2.1.1',
171 silly addNameRange     '2.1.2',
171 silly addNameRange     '2.1.3',
171 silly addNameRange     '2.2.0',
171 silly addNameRange     '2.3.0',
171 silly addNameRange     '2.3.1',
171 silly addNameRange     '2.3.2',
171 silly addNameRange     '2.3.3',
171 silly addNameRange     '2.4.0',
171 silly addNameRange     '2.4.1',
171 silly addNameRange     '2.4.2',
171 silly addNameRange     '2.4.3',
171 silly addNameRange     '2.4.4',
171 silly addNameRange     '2.4.5',
171 silly addNameRange     '2.5.0',
171 silly addNameRange     '2.5.1',
171 silly addNameRange     '2.5.2',
171 silly addNameRange     '2.6.0',
171 silly addNameRange     '2.6.1',
171 silly addNameRange     '2.6.2',
171 silly addNameRange     '2.6.3',
171 silly addNameRange     '2.6.4',
171 silly addNameRange     '2.6.5',
171 silly addNameRange     '2.6.6',
171 silly addNameRange     '2.6.7',
171 silly addNameRange     '2.6.8',
171 silly addNameRange     '1.0.5',
171 silly addNameRange     '3.0.0',
171 silly addNameRange     '3.0.1' ] ]
172 silly addNamed debug@2.6.8
173 verbose addNamed "2.6.8" is a plain semver version for debug
174 silly cache afterAdd debug@2.6.8
175 verbose afterAdd /home/user/.npm/debug/2.6.8/package/package.json not in flight; writing
176 verbose afterAdd /home/user/.npm/debug/2.6.8/package/package.json written
177 silly loadAllDepsIntoIdealTree Finishing
178 silly idealTree:prePrune application-name@0.0.1
178 silly idealTree:prePrune ├── abbrev@1.1.0
178 silly idealTree:prePrune ├── accepts@1.0.0
178 silly idealTree:prePrune ├── amdefine
178 silly idealTree:prePrune ├── ansi-align@2.0.0
178 silly idealTree:prePrune ├── ansi-regex@3.0.0
178 silly idealTree:prePrune ├── ansi-styles@3.2.0
178 silly idealTree:prePrune ├── anymatch@1.3.2
178 silly idealTree:prePrune ├── arr-diff@2.0.0
178 silly idealTree:prePrune ├── arr-flatten@1.1.0
178 silly idealTree:prePrune ├── array-unique@0.2.1
178 silly idealTree:prePrune ├── async-each@1.0.1
178 silly idealTree:prePrune ├── async@2.1.4
178 silly idealTree:prePrune ├── balanced-match@1.0.0
178 silly idealTree:prePrune ├── binary-extensions@1.10.0
178 silly idealTree:prePrune ├── bluebird@2.10.2
178 silly idealTree:prePrune ├── body-parser@1.0.2
178 silly idealTree:prePrune ├─┬ boxen@1.2.1
178 silly idealTree:prePrune │ └── chalk@2.1.0
178 silly idealTree:prePrune ├── brace-expansion@1.1.8
178 silly idealTree:prePrune ├── braces@1.8.5
178 silly idealTree:prePrune ├── bson@1.0.4
178 silly idealTree:prePrune ├── buffer-crc32@0.2.1
178 silly idealTree:prePrune ├── buffer-shims@1.0.0
178 silly idealTree:prePrune ├── bytes@1.0.0
178 silly idealTree:prePrune ├── camelcase@4.1.0
178 silly idealTree:prePrune ├── capture-stack-trace@1.0.0
178 silly idealTree:prePrune ├─┬ chalk@1.1.3
178 silly idealTree:prePrune │ ├── ansi-regex@2.1.1
178 silly idealTree:prePrune │ ├── ansi-styles@2.2.1
178 silly idealTree:prePrune │ ├── strip-ansi@3.0.1
178 silly idealTree:prePrune │ └── supports-color@2.0.0
178 silly idealTree:prePrune ├── character-parser@1.2.0
178 silly idealTree:prePrune ├── chokidar@1.7.0
178 silly idealTree:prePrune ├── cli-boxes@1.0.0
178 silly idealTree:prePrune ├── code-point-at@1.1.0
178 silly idealTree:prePrune ├── color-convert@1.9.0
178 silly idealTree:prePrune ├── color-name@1.1.3
178 silly idealTree:prePrune ├── commander@2.1.0
178 silly idealTree:prePrune ├── concat-map@0.0.1
178 silly idealTree:prePrune ├── configstore@3.1.1
178 silly idealTree:prePrune ├── constantinople@2.0.1
178 silly idealTree:prePrune ├── cookie-parser@1.0.1
178 silly idealTree:prePrune ├── cookie-signature@1.0.3
178 silly idealTree:prePrune ├── cookie@0.1.0
178 silly idealTree:prePrune ├── core-util-is@1.0.2
178 silly idealTree:prePrune ├── create-error-class@3.0.2
178 silly idealTree:prePrune ├── cross-spawn@5.1.0
178 silly idealTree:prePrune ├── crypto-random-string@1.0.0
178 silly idealTree:prePrune ├── css-parse@1.0.4
178 silly idealTree:prePrune ├── css-stringify@1.0.5
178 silly idealTree:prePrune ├── css@1.0.8
178 silly idealTree:prePrune ├── debug@0.7.4
178 silly idealTree:prePrune ├── decamelize@1.2.0
178 silly idealTree:prePrune ├── deep-extend@0.4.2
178 silly idealTree:prePrune ├── dot-prop@4.2.0
178 silly idealTree:prePrune ├── duplexer@0.1.1
178 silly idealTree:prePrune ├── duplexer3@0.1.4
178 silly idealTree:prePrune ├── ejs@2.5.6
178 silly idealTree:prePrune ├── es6-promise@3.3.1
178 silly idealTree:prePrune ├── escape-html@1.0.1
178 silly idealTree:prePrune ├── escape-string-regexp@1.0.5
178 silly idealTree:prePrune ├── event-stream@3.3.4
178 silly idealTree:prePrune ├── execa@0.7.0
178 silly idealTree:prePrune ├── expand-brackets@0.1.5
178 silly idealTree:prePrune ├── expand-range@1.8.2
178 silly idealTree:prePrune ├─┬ express-generator@4.15.0
178 silly idealTree:prePrune │ ├── commander@2.9.0
178 silly idealTree:prePrune │ ├── minimist@0.0.8
178 silly idealTree:prePrune │ └── mkdirp@0.5.1
178 silly idealTree:prePrune ├─┬ express@4.0.0
178 silly idealTree:prePrune │ └── type-is@1.0.0
178 silly idealTree:prePrune ├── extglob@0.3.2
178 silly idealTree:prePrune ├── filename-regex@2.0.1
178 silly idealTree:prePrune ├── fill-range@2.2.3
178 silly idealTree:prePrune ├── for-in@1.0.2
178 silly idealTree:prePrune ├── for-own@0.1.5
178 silly idealTree:prePrune ├── fresh@0.2.2
178 silly idealTree:prePrune ├── from@0.1.7
178 silly idealTree:prePrune ├── get-stream@3.0.0
178 silly idealTree:prePrune ├── glob-base@0.3.0
178 silly idealTree:prePrune ├── glob-parent@2.0.0
178 silly idealTree:prePrune ├── got@6.7.1
178 silly idealTree:prePrune ├── graceful-fs@4.1.11
178 silly idealTree:prePrune ├── graceful-readlink@1.0.1
178 silly idealTree:prePrune ├─┬ has-ansi@2.0.0
178 silly idealTree:prePrune │ └── ansi-regex@2.1.1
178 silly idealTree:prePrune ├── has-flag@2.0.0
178 silly idealTree:prePrune ├── hooks-fixed@2.0.0
178 silly idealTree:prePrune ├── ignore-by-default@1.0.1
178 silly idealTree:prePrune ├── import-lazy@2.1.0
178 silly idealTree:prePrune ├── imurmurhash@0.1.4
178 silly idealTree:prePrune ├── inherits@2.0.3
178 silly idealTree:prePrune ├── ini@1.3.4
178 silly idealTree:prePrune ├── is-binary-path@1.0.1
178 silly idealTree:prePrune ├── is-buffer@1.1.5
178 silly idealTree:prePrune ├── is-dotfile@1.0.3
178 silly idealTree:prePrune ├── is-equal-shallow@0.1.3
178 silly idealTree:prePrune ├── is-extendable@0.1.1
178 silly idealTree:prePrune ├── is-extglob@1.0.0
178 silly idealTree:prePrune ├── is-fullwidth-code-point@2.0.0
178 silly idealTree:prePrune ├── is-glob@2.0.1
178 silly idealTree:prePrune ├── is-npm@1.0.0
178 silly idealTree:prePrune ├── is-number@2.1.0
178 silly idealTree:prePrune ├── is-obj@1.0.1
178 silly idealTree:prePrune ├── is-posix-bracket@0.1.1
178 silly idealTree:prePrune ├── is-primitive@2.0.0
178 silly idealTree:prePrune ├── is-promise@1.0.1
178 silly idealTree:prePrune ├── is-redirect@1.0.0
178 silly idealTree:prePrune ├── is-retry-allowed@1.1.0
178 silly idealTree:prePrune ├── is-stream@1.1.0
178 silly idealTree:prePrune ├── isarray@1.0.0
178 silly idealTree:prePrune ├── isexe@2.0.0
178 silly idealTree:prePrune ├── isobject@2.1.0
178 silly idealTree:prePrune ├─┬ jade@1.3.1
178 silly idealTree:prePrune │ ├── transformers@2.1.0
178 silly idealTree:prePrune │ └── uglify-js@2.2.5
178 silly idealTree:prePrune ├── kareem@1.5.0
178 silly idealTree:prePrune ├── kind-of@3.2.2
178 silly idealTree:prePrune ├── latest-version@3.1.0
178 silly idealTree:prePrune ├── lodash._baseassign@3.2.0
178 silly idealTree:prePrune ├── lodash._basecopy@3.0.1
178 silly idealTree:prePrune ├── lodash._bindcallback@3.0.1
178 silly idealTree:prePrune ├── lodash._createassigner@3.1.1
178 silly idealTree:prePrune ├── lodash._getnative@3.9.1
178 silly idealTree:prePrune ├── lodash._isiterateecall@3.0.9
178 silly idealTree:prePrune ├── lodash.assign@3.2.0
178 silly idealTree:prePrune ├── lodash.defaults@3.1.2
178 silly idealTree:prePrune ├── lodash.isarguments@3.1.0
178 silly idealTree:prePrune ├── lodash.isarray@3.0.4
178 silly idealTree:prePrune ├── lodash.keys@3.1.2
178 silly idealTree:prePrune ├── lodash.restparam@3.6.1
178 silly idealTree:prePrune ├── lodash@4.17.4
178 silly idealTree:prePrune ├── lowercase-keys@1.0.0
178 silly idealTree:prePrune ├── lru-cache@4.1.1
178 silly idealTree:prePrune ├── make-dir@1.0.0
178 silly idealTree:prePrune ├── map-stream@0.1.0
178 silly idealTree:prePrune ├── merge-descriptors@0.0.2
178 silly idealTree:prePrune ├── methods@0.1.0
178 silly idealTree:prePrune ├── micromatch@2.3.11
178 silly idealTree:prePrune ├── mime@1.2.11
178 silly idealTree:prePrune ├── minimatch@3.0.4
178 silly idealTree:prePrune ├── minimist@1.2.0
178 silly idealTree:prePrune ├── mkdirp@0.3.5
178 silly idealTree:prePrune ├── mongodb-core@2.1.15
178 silly idealTree:prePrune ├─┬ mongodb@2.2.31
178 silly idealTree:prePrune │ ├── es6-promise@3.2.1
178 silly idealTree:prePrune │ └── readable-stream@2.2.7
178 silly idealTree:prePrune ├── mongoose@4.11.10
178 silly idealTree:prePrune ├── monk-middleware-cast-ids@0.2.1
178 silly idealTree:prePrune ├── monk-middleware-fields@0.2.0
178 silly idealTree:prePrune ├── monk-middleware-handle-callback@0.2.1
178 silly idealTree:prePrune ├── monk-middleware-options@0.2.1
178 silly idealTree:prePrune ├── monk-middleware-query@0.2.0
178 silly idealTree:prePrune ├── monk-middleware-wait-for-connection@0.2.0
178 silly idealTree:prePrune ├── monk@6.0.4
178 silly idealTree:prePrune ├─┬ monocle@1.1.51
178 silly idealTree:prePrune │ └── readdirp@0.2.5
178 silly idealTree:prePrune ├─┬ morgan@1.0.1
178 silly idealTree:prePrune │ └── bytes@0.3.0
178 silly idealTree:prePrune ├── mpath@0.3.0
178 silly idealTree:prePrune ├── mpromise@0.5.5
178 silly idealTree:prePrune ├─┬ mquery@2.3.1
178 silly idealTree:prePrune │ ├── debug@2.6.8
178 silly idealTree:prePrune │ └── sliced@0.0.5
178 silly idealTree:prePrune ├── ms@2.0.0
178 silly idealTree:prePrune ├── muri@1.2.2
178 silly idealTree:prePrune ├── negotiator@0.3.0
178 silly idealTree:prePrune ├─┬ nodemon@1.12.0
178 silly idealTree:prePrune │ └── debug@2.6.8
178 silly idealTree:prePrune ├── nopt@1.0.10
178 silly idealTree:prePrune ├── normalize-path@2.1.1
178 silly idealTree:prePrune ├── npm-run-path@2.0.2
178 silly idealTree:prePrune ├── number-is-nan@1.0.1
178 silly idealTree:prePrune ├── object-assign@4.1.1
178 silly idealTree:prePrune ├── object.omit@2.0.1
178 silly idealTree:prePrune ├── optimist@0.3.7
178 silly idealTree:prePrune ├── p-finally@1.0.0
178 silly idealTree:prePrune ├── package-json@4.0.1
178 silly idealTree:prePrune ├── parse-glob@3.0.4
178 silly idealTree:prePrune ├── parseurl@1.0.1
178 silly idealTree:prePrune ├── path-is-absolute@1.0.1
178 silly idealTree:prePrune ├── path-key@2.0.1
178 silly idealTree:prePrune ├── path-to-regexp@0.1.2
178 silly idealTree:prePrune ├── pause-stream@0.0.11
178 silly idealTree:prePrune ├── pify@2.3.0
178 silly idealTree:prePrune ├── prepend-http@1.0.4
178 silly idealTree:prePrune ├── preserve@0.2.0
178 silly idealTree:prePrune ├── process-nextick-args@1.0.7
178 silly idealTree:prePrune ├── promise@2.0.0
178 silly idealTree:prePrune ├── ps-tree@1.1.0
178 silly idealTree:prePrune ├── pseudomap@1.0.2
178 silly idealTree:prePrune ├── qs@0.6.6
178 silly idealTree:prePrune ├─┬ randomatic@1.1.7
178 silly idealTree:prePrune │ ├─┬ is-number@3.0.0
178 silly idealTree:prePrune │ │ └── kind-of@3.2.2
178 silly idealTree:prePrune │ └── kind-of@4.0.0
178 silly idealTree:prePrune ├── range-parser@1.0.0
178 silly idealTree:prePrune ├─┬ raw-body@1.1.7
178 silly idealTree:prePrune │ └── string_decoder@0.10.31
178 silly idealTree:prePrune ├── rc@1.2.1
178 silly idealTree:prePrune ├── readable-stream@2.3.3
178 silly idealTree:prePrune ├── readdirp@2.1.0
178 silly idealTree:prePrune ├── regex-cache@0.4.4
178 silly idealTree:prePrune ├── regexp-clone@0.0.1
178 silly idealTree:prePrune ├── registry-auth-token@3.3.1
178 silly idealTree:prePrune ├── registry-url@3.1.0
178 silly idealTree:prePrune ├── remove-trailing-separator@1.1.0
178 silly idealTree:prePrune ├── repeat-element@1.1.2
178 silly idealTree:prePrune ├── repeat-string@1.6.1
178 silly idealTree:prePrune ├── require_optional@1.0.1
178 silly idealTree:prePrune ├── resolve-from@2.0.0
178 silly idealTree:prePrune ├── safe-buffer@5.1.1
178 silly idealTree:prePrune ├── semver-diff@2.1.0
178 silly idealTree:prePrune ├── semver@5.4.1
178 silly idealTree:prePrune ├── send@0.2.0
178 silly idealTree:prePrune ├─┬ serve-static@1.0.1
178 silly idealTree:prePrune │ ├── fresh@0.2.0
178 silly idealTree:prePrune │ ├── range-parser@0.0.4
178 silly idealTree:prePrune │ └── send@0.1.4
178 silly idealTree:prePrune ├── set-immediate-shim@1.0.1
178 silly idealTree:prePrune ├── shebang-command@1.2.0
178 silly idealTree:prePrune ├── shebang-regex@1.0.0
178 silly idealTree:prePrune ├── signal-exit@3.0.2
178 silly idealTree:prePrune ├── sliced@1.0.1
178 silly idealTree:prePrune ├── sorted-object@2.0.1
178 silly idealTree:prePrune ├─┬ source-map@0.1.34
178 silly idealTree:prePrune │ └── amdefine@1.0.1
178 silly idealTree:prePrune ├── split@0.3.3
178 silly idealTree:prePrune ├── static-favicon@1.0.2
178 silly idealTree:prePrune ├── stream-combiner@0.0.4
178 silly idealTree:prePrune ├── string_decoder@1.0.3
178 silly idealTree:prePrune ├── string-width@2.1.1
178 silly idealTree:prePrune ├── strip-ansi@4.0.0
178 silly idealTree:prePrune ├── strip-eof@1.0.0
178 silly idealTree:prePrune ├── strip-json-comments@2.0.1
178 silly idealTree:prePrune ├── supports-color@4.4.0
178 silly idealTree:prePrune ├── term-size@1.2.0
178 silly idealTree:prePrune ├── through@2.3.8
178 silly idealTree:prePrune ├── timed-out@4.0.1
178 silly idealTree:prePrune ├── touch@3.1.0
178 silly idealTree:prePrune ├─┬ transformers
178 silly idealTree:prePrune │ └── uglify-js@2.2.5
178 silly idealTree:prePrune ├── type-is@1.1.0
178 silly idealTree:prePrune ├─┬ uglify-js@2.4.24
178 silly idealTree:prePrune │ └── async@0.2.10
178 silly idealTree:prePrune ├── uglify-to-browserify@1.0.2
178 silly idealTree:prePrune ├── undefsafe@0.0.3
178 silly idealTree:prePrune ├── unique-string@1.0.0
178 silly idealTree:prePrune ├── unzip-response@2.0.1
178 silly idealTree:prePrune ├── update-notifier@2.2.0
178 silly idealTree:prePrune ├── url-parse-lax@1.0.0
178 silly idealTree:prePrune ├── util-deprecate@1.0.2
178 silly idealTree:prePrune ├── utils-merge@1.0.0
178 silly idealTree:prePrune ├── which@1.3.0
178 silly idealTree:prePrune ├─┬ widest-line@1.0.0
178 silly idealTree:prePrune │ ├── ansi-regex@2.1.1
178 silly idealTree:prePrune │ ├── is-fullwidth-code-point@1.0.0
178 silly idealTree:prePrune │ ├── string-width@1.0.2
178 silly idealTree:prePrune │ └── strip-ansi@3.0.1
178 silly idealTree:prePrune ├── window-size@0.1.0
178 silly idealTree:prePrune ├── with@3.0.1
178 silly idealTree:prePrune ├── wordwrap@0.0.2
178 silly idealTree:prePrune ├── write-file-atomic@2.3.0
178 silly idealTree:prePrune ├── xdg-basedir@3.0.0
178 silly idealTree:prePrune ├── yallist@2.1.2
178 silly idealTree:prePrune └─┬ yargs@3.5.4
178 silly idealTree:prePrune   └── camelcase@1.2.1
179 silly loadIdealTree Finishing
180 silly currentTree application-name@0.0.1
180 silly currentTree ├── abbrev@1.1.0
180 silly currentTree ├── accepts@1.0.0
180 silly currentTree ├── amdefine
180 silly currentTree ├── ansi-align@2.0.0
180 silly currentTree ├── ansi-regex@3.0.0
180 silly currentTree ├── ansi-styles@3.2.0
180 silly currentTree ├── anymatch@1.3.2
180 silly currentTree ├── arr-diff@2.0.0
180 silly currentTree ├── arr-flatten@1.1.0
180 silly currentTree ├── array-unique@0.2.1
180 silly currentTree ├── async-each@1.0.1
180 silly currentTree ├── async@2.1.4
180 silly currentTree ├── balanced-match@1.0.0
180 silly currentTree ├── binary-extensions@1.10.0
180 silly currentTree ├── bluebird@2.10.2
180 silly currentTree ├── body-parser@1.0.2
180 silly currentTree ├─┬ boxen@1.2.1
180 silly currentTree │ └── chalk@2.1.0
180 silly currentTree ├── brace-expansion@1.1.8
180 silly currentTree ├── braces@1.8.5
180 silly currentTree ├── bson@1.0.4
180 silly currentTree ├── buffer-crc32@0.2.1
180 silly currentTree ├── buffer-shims@1.0.0
180 silly currentTree ├── bytes@1.0.0
180 silly currentTree ├── camelcase@4.1.0
180 silly currentTree ├── capture-stack-trace@1.0.0
180 silly currentTree ├─┬ chalk@1.1.3
180 silly currentTree │ ├── ansi-regex@2.1.1
180 silly currentTree │ ├── ansi-styles@2.2.1
180 silly currentTree │ ├── strip-ansi@3.0.1
180 silly currentTree │ └── supports-color@2.0.0
180 silly currentTree ├── character-parser@1.2.0
180 silly currentTree ├── chokidar@1.7.0
180 silly currentTree ├── cli-boxes@1.0.0
180 silly currentTree ├── code-point-at@1.1.0
180 silly currentTree ├── color-convert@1.9.0
180 silly currentTree ├── color-name@1.1.3
180 silly currentTree ├── commander@2.1.0
180 silly currentTree ├── concat-map@0.0.1
180 silly currentTree ├── configstore@3.1.1
180 silly currentTree ├── constantinople@2.0.1
180 silly currentTree ├── cookie-parser@1.0.1
180 silly currentTree ├── cookie-signature@1.0.3
180 silly currentTree ├── cookie@0.1.0
180 silly currentTree ├── core-util-is@1.0.2
180 silly currentTree ├── create-error-class@3.0.2
180 silly currentTree ├── cross-spawn@5.1.0
180 silly currentTree ├── crypto-random-string@1.0.0
180 silly currentTree ├── css-parse@1.0.4
180 silly currentTree ├── css-stringify@1.0.5
180 silly currentTree ├── css@1.0.8
180 silly currentTree ├── debug@0.7.4
180 silly currentTree ├── decamelize@1.2.0
180 silly currentTree ├── deep-extend@0.4.2
180 silly currentTree ├── dot-prop@4.2.0
180 silly currentTree ├── duplexer@0.1.1
180 silly currentTree ├── duplexer3@0.1.4
180 silly currentTree ├── ejs@2.5.6
180 silly currentTree ├── es6-promise@3.3.1
180 silly currentTree ├── escape-html@1.0.1
180 silly currentTree ├── escape-string-regexp@1.0.5
180 silly currentTree ├── event-stream@3.3.4
180 silly currentTree ├── execa@0.7.0
180 silly currentTree ├── expand-brackets@0.1.5
180 silly currentTree ├── expand-range@1.8.2
180 silly currentTree ├─┬ express-generator@4.15.0
180 silly currentTree │ ├── commander@2.9.0
180 silly currentTree │ ├── minimist@0.0.8
180 silly currentTree │ └── mkdirp@0.5.1
180 silly currentTree ├─┬ express@4.0.0
180 silly currentTree │ └── type-is@1.0.0
180 silly currentTree ├── extglob@0.3.2
180 silly currentTree ├── filename-regex@2.0.1
180 silly currentTree ├── fill-range@2.2.3
180 silly currentTree ├── for-in@1.0.2
180 silly currentTree ├── for-own@0.1.5
180 silly currentTree ├── fresh@0.2.2
180 silly currentTree ├── from@0.1.7
180 silly currentTree ├── get-stream@3.0.0
180 silly currentTree ├── glob-base@0.3.0
180 silly currentTree ├── glob-parent@2.0.0
180 silly currentTree ├── got@6.7.1
180 silly currentTree ├── graceful-fs@4.1.11
180 silly currentTree ├── graceful-readlink@1.0.1
180 silly currentTree ├─┬ has-ansi@2.0.0
180 silly currentTree │ └── ansi-regex@2.1.1
180 silly currentTree ├── has-flag@2.0.0
180 silly currentTree ├── hooks-fixed@2.0.0
180 silly currentTree ├── ignore-by-default@1.0.1
180 silly currentTree ├── import-lazy@2.1.0
180 silly currentTree ├── imurmurhash@0.1.4
180 silly currentTree ├── inherits@2.0.3
180 silly currentTree ├── ini@1.3.4
180 silly currentTree ├── is-binary-path@1.0.1
180 silly currentTree ├── is-buffer@1.1.5
180 silly currentTree ├── is-dotfile@1.0.3
180 silly currentTree ├── is-equal-shallow@0.1.3
180 silly currentTree ├── is-extendable@0.1.1
180 silly currentTree ├── is-extglob@1.0.0
180 silly currentTree ├── is-fullwidth-code-point@2.0.0
180 silly currentTree ├── is-glob@2.0.1
180 silly currentTree ├── is-npm@1.0.0
180 silly currentTree ├── is-number@2.1.0
180 silly currentTree ├── is-obj@1.0.1
180 silly currentTree ├── is-posix-bracket@0.1.1
180 silly currentTree ├── is-primitive@2.0.0
180 silly currentTree ├── is-promise@1.0.1
180 silly currentTree ├── is-redirect@1.0.0
180 silly currentTree ├── is-retry-allowed@1.1.0
180 silly currentTree ├── is-stream@1.1.0
180 silly currentTree ├── isarray@1.0.0
180 silly currentTree ├── isexe@2.0.0
180 silly currentTree ├── isobject@2.1.0
180 silly currentTree ├── jade@1.3.1
180 silly currentTree ├── kareem@1.5.0
180 silly currentTree ├── kind-of@3.2.2
180 silly currentTree ├── latest-version@3.1.0
180 silly currentTree ├── lodash._baseassign@3.2.0
180 silly currentTree ├── lodash._basecopy@3.0.1
180 silly currentTree ├── lodash._bindcallback@3.0.1
180 silly currentTree ├── lodash._createassigner@3.1.1
180 silly currentTree ├── lodash._getnative@3.9.1
180 silly currentTree ├── lodash._isiterateecall@3.0.9
180 silly currentTree ├── lodash.assign@3.2.0
180 silly currentTree ├── lodash.defaults@3.1.2
180 silly currentTree ├── lodash.isarguments@3.1.0
180 silly currentTree ├── lodash.isarray@3.0.4
180 silly currentTree ├── lodash.keys@3.1.2
180 silly currentTree ├── lodash.restparam@3.6.1
180 silly currentTree ├── lodash@4.17.4
180 silly currentTree ├── lowercase-keys@1.0.0
180 silly currentTree ├── lru-cache@4.1.1
180 silly currentTree ├── make-dir@1.0.0
180 silly currentTree ├── map-stream@0.1.0
180 silly currentTree ├── merge-descriptors@0.0.2
180 silly currentTree ├── methods@0.1.0
180 silly currentTree ├── micromatch@2.3.11
180 silly currentTree ├── mime@1.2.11
180 silly currentTree ├── minimatch@3.0.4
180 silly currentTree ├── minimist@1.2.0
180 silly currentTree ├── mkdirp@0.3.5
180 silly currentTree ├── mongodb-core@2.1.15
180 silly currentTree ├─┬ mongodb@2.2.31
180 silly currentTree │ ├── es6-promise@3.2.1
180 silly currentTree │ └── readable-stream@2.2.7
180 silly currentTree ├── mongoose@4.11.10
180 silly currentTree ├── monk-middleware-cast-ids@0.2.1
180 silly currentTree ├── monk-middleware-fields@0.2.0
180 silly currentTree ├── monk-middleware-handle-callback@0.2.1
180 silly currentTree ├── monk-middleware-options@0.2.1
180 silly currentTree ├── monk-middleware-query@0.2.0
180 silly currentTree ├── monk-middleware-wait-for-connection@0.2.0
180 silly currentTree ├── monk@6.0.4
180 silly currentTree ├─┬ monocle@1.1.51
180 silly currentTree │ └── readdirp@0.2.5
180 silly currentTree ├─┬ morgan@1.0.1
180 silly currentTree │ └── bytes@0.3.0
180 silly currentTree ├── mpath@0.3.0
180 silly currentTree ├── mpromise@0.5.5
180 silly currentTree ├─┬ mquery@2.3.1
180 silly currentTree │ ├── debug@2.6.8
180 silly currentTree │ └── sliced@0.0.5
180 silly currentTree ├── ms@2.0.0
180 silly currentTree ├── muri@1.2.2
180 silly currentTree ├── negotiator@0.3.0
180 silly currentTree ├─┬ nodemon@1.12.0
180 silly currentTree │ └── debug
180 silly currentTree ├── nopt@1.0.10
180 silly currentTree ├── normalize-path@2.1.1
180 silly currentTree ├── npm-run-path@2.0.2
180 silly currentTree ├── number-is-nan@1.0.1
180 silly currentTree ├── object-assign@4.1.1
180 silly currentTree ├── object.omit@2.0.1
180 silly currentTree ├── optimist@0.3.7
180 silly currentTree ├── p-finally@1.0.0
180 silly currentTree ├── package-json@4.0.1
180 silly currentTree ├── parse-glob@3.0.4
180 silly currentTree ├── parseurl@1.0.1
180 silly currentTree ├── path-is-absolute@1.0.1
180 silly currentTree ├── path-key@2.0.1
180 silly currentTree ├── path-to-regexp@0.1.2
180 silly currentTree ├── pause-stream@0.0.11
180 silly currentTree ├── pify@2.3.0
180 silly currentTree ├── prepend-http@1.0.4
180 silly currentTree ├── preserve@0.2.0
180 silly currentTree ├── process-nextick-args@1.0.7
180 silly currentTree ├── promise@2.0.0
180 silly currentTree ├── ps-tree@1.1.0
180 silly currentTree ├── pseudomap@1.0.2
180 silly currentTree ├── qs@0.6.6
180 silly currentTree ├─┬ randomatic@1.1.7
180 silly currentTree │ ├─┬ is-number@3.0.0
180 silly currentTree │ │ └── kind-of@3.2.2
180 silly currentTree │ └── kind-of@4.0.0
180 silly currentTree ├── range-parser@1.0.0
180 silly currentTree ├─┬ raw-body@1.1.7
180 silly currentTree │ └── string_decoder@0.10.31
180 silly currentTree ├── rc@1.2.1
180 silly currentTree ├── readable-stream@2.3.3
180 silly currentTree ├── readdirp@2.1.0
180 silly currentTree ├── regex-cache@0.4.4
180 silly currentTree ├── regexp-clone@0.0.1
180 silly currentTree ├── registry-auth-token@3.3.1
180 silly currentTree ├── registry-url@3.1.0
180 silly currentTree ├── remove-trailing-separator@1.1.0
180 silly currentTree ├── repeat-element@1.1.2
180 silly currentTree ├── repeat-string@1.6.1
180 silly currentTree ├── require_optional@1.0.1
180 silly currentTree ├── resolve-from@2.0.0
180 silly currentTree ├── safe-buffer@5.1.1
180 silly currentTree ├── semver-diff@2.1.0
180 silly currentTree ├── semver@5.4.1
180 silly currentTree ├── send@0.2.0
180 silly currentTree ├─┬ serve-static@1.0.1
180 silly currentTree │ ├── fresh@0.2.0
180 silly currentTree │ ├── range-parser@0.0.4
180 silly currentTree │ └── send@0.1.4
180 silly currentTree ├── set-immediate-shim@1.0.1
180 silly currentTree ├── shebang-command@1.2.0
180 silly currentTree ├── shebang-regex@1.0.0
180 silly currentTree ├── signal-exit@3.0.2
180 silly currentTree ├── sliced@1.0.1
180 silly currentTree ├── sorted-object@2.0.1
180 silly currentTree ├── source-map@0.1.34
180 silly currentTree ├── split@0.3.3
180 silly currentTree ├── static-favicon@1.0.2
180 silly currentTree ├── stream-combiner@0.0.4
180 silly currentTree ├── string_decoder@1.0.3
180 silly currentTree ├── string-width@2.1.1
180 silly currentTree ├── strip-ansi@4.0.0
180 silly currentTree ├── strip-eof@1.0.0
180 silly currentTree ├── strip-json-comments@2.0.1
180 silly currentTree ├── supports-color@4.4.0
180 silly currentTree ├── term-size@1.2.0
180 silly currentTree ├── through@2.3.8
180 silly currentTree ├── timed-out@4.0.1
180 silly currentTree ├── touch@3.1.0
180 silly currentTree ├─┬ transformers
180 silly currentTree │ └── uglify-js@2.2.5
180 silly currentTree ├── type-is@1.1.0
180 silly currentTree ├─┬ uglify-js@2.4.24
180 silly currentTree │ └── async@0.2.10
180 silly currentTree ├── uglify-to-browserify@1.0.2
180 silly currentTree ├── undefsafe@0.0.3
180 silly currentTree ├── unique-string@1.0.0
180 silly currentTree ├── unzip-response@2.0.1
180 silly currentTree ├── update-notifier@2.2.0
180 silly currentTree ├── url-parse-lax@1.0.0
180 silly currentTree ├── util-deprecate@1.0.2
180 silly currentTree ├── utils-merge@1.0.0
180 silly currentTree ├── which@1.3.0
180 silly currentTree ├─┬ widest-line@1.0.0
180 silly currentTree │ ├── ansi-regex@2.1.1
180 silly currentTree │ ├── is-fullwidth-code-point@1.0.0
180 silly currentTree │ ├── string-width@1.0.2
180 silly currentTree │ └── strip-ansi@3.0.1
180 silly currentTree ├── window-size@0.1.0
180 silly currentTree ├── with@3.0.1
180 silly currentTree ├── wordwrap@0.0.2
180 silly currentTree ├── write-file-atomic@2.3.0
180 silly currentTree ├── xdg-basedir@3.0.0
180 silly currentTree ├── yallist@2.1.2
180 silly currentTree └─┬ yargs@3.5.4
180 silly currentTree   └── camelcase@1.2.1
181 silly idealTree application-name@0.0.1
181 silly idealTree ├── abbrev@1.1.0
181 silly idealTree ├── accepts@1.0.0
181 silly idealTree ├── amdefine
181 silly idealTree ├── ansi-align@2.0.0
181 silly idealTree ├── ansi-regex@3.0.0
181 silly idealTree ├── ansi-styles@3.2.0
181 silly idealTree ├── anymatch@1.3.2
181 silly idealTree ├── arr-diff@2.0.0
181 silly idealTree ├── arr-flatten@1.1.0
181 silly idealTree ├── array-unique@0.2.1
181 silly idealTree ├── async-each@1.0.1
181 silly idealTree ├── async@2.1.4
181 silly idealTree ├── balanced-match@1.0.0
181 silly idealTree ├── binary-extensions@1.10.0
181 silly idealTree ├── bluebird@2.10.2
181 silly idealTree ├── body-parser@1.0.2
181 silly idealTree ├─┬ boxen@1.2.1
181 silly idealTree │ └── chalk@2.1.0
181 silly idealTree ├── brace-expansion@1.1.8
181 silly idealTree ├── braces@1.8.5
181 silly idealTree ├── bson@1.0.4
181 silly idealTree ├── buffer-crc32@0.2.1
181 silly idealTree ├── buffer-shims@1.0.0
181 silly idealTree ├── bytes@1.0.0
181 silly idealTree ├── camelcase@4.1.0
181 silly idealTree ├── capture-stack-trace@1.0.0
181 silly idealTree ├─┬ chalk@1.1.3
181 silly idealTree │ ├── ansi-regex@2.1.1
181 silly idealTree │ ├── ansi-styles@2.2.1
181 silly idealTree │ ├── strip-ansi@3.0.1
181 silly idealTree │ └── supports-color@2.0.0
181 silly idealTree ├── character-parser@1.2.0
181 silly idealTree ├── chokidar@1.7.0
181 silly idealTree ├── cli-boxes@1.0.0
181 silly idealTree ├── code-point-at@1.1.0
181 silly idealTree ├── color-convert@1.9.0
181 silly idealTree ├── color-name@1.1.3
181 silly idealTree ├── commander@2.1.0
181 silly idealTree ├── concat-map@0.0.1
181 silly idealTree ├── configstore@3.1.1
181 silly idealTree ├── constantinople@2.0.1
181 silly idealTree ├── cookie-parser@1.0.1
181 silly idealTree ├── cookie-signature@1.0.3
181 silly idealTree ├── cookie@0.1.0
181 silly idealTree ├── core-util-is@1.0.2
181 silly idealTree ├── create-error-class@3.0.2
181 silly idealTree ├── cross-spawn@5.1.0
181 silly idealTree ├── crypto-random-string@1.0.0
181 silly idealTree ├── css-parse@1.0.4
181 silly idealTree ├── css-stringify@1.0.5
181 silly idealTree ├── css@1.0.8
181 silly idealTree ├── debug@0.7.4
181 silly idealTree ├── decamelize@1.2.0
181 silly idealTree ├── deep-extend@0.4.2
181 silly idealTree ├── dot-prop@4.2.0
181 silly idealTree ├── duplexer@0.1.1
181 silly idealTree ├── duplexer3@0.1.4
181 silly idealTree ├── ejs@2.5.6
181 silly idealTree ├── es6-promise@3.3.1
181 silly idealTree ├── escape-html@1.0.1
181 silly idealTree ├── escape-string-regexp@1.0.5
181 silly idealTree ├── event-stream@3.3.4
181 silly idealTree ├── execa@0.7.0
181 silly idealTree ├── expand-brackets@0.1.5
181 silly idealTree ├── expand-range@1.8.2
181 silly idealTree ├─┬ express-generator@4.15.0
181 silly idealTree │ ├── commander@2.9.0
181 silly idealTree │ ├── minimist@0.0.8
181 silly idealTree │ └── mkdirp@0.5.1
181 silly idealTree ├─┬ express@4.0.0
181 silly idealTree │ └── type-is@1.0.0
181 silly idealTree ├── extglob@0.3.2
181 silly idealTree ├── filename-regex@2.0.1
181 silly idealTree ├── fill-range@2.2.3
181 silly idealTree ├── for-in@1.0.2
181 silly idealTree ├── for-own@0.1.5
181 silly idealTree ├── fresh@0.2.2
181 silly idealTree ├── from@0.1.7
181 silly idealTree ├── get-stream@3.0.0
181 silly idealTree ├── glob-base@0.3.0
181 silly idealTree ├── glob-parent@2.0.0
181 silly idealTree ├── got@6.7.1
181 silly idealTree ├── graceful-fs@4.1.11
181 silly idealTree ├── graceful-readlink@1.0.1
181 silly idealTree ├─┬ has-ansi@2.0.0
181 silly idealTree │ └── ansi-regex@2.1.1
181 silly idealTree ├── has-flag@2.0.0
181 silly idealTree ├── hooks-fixed@2.0.0
181 silly idealTree ├── ignore-by-default@1.0.1
181 silly idealTree ├── import-lazy@2.1.0
181 silly idealTree ├── imurmurhash@0.1.4
181 silly idealTree ├── inherits@2.0.3
181 silly idealTree ├── ini@1.3.4
181 silly idealTree ├── is-binary-path@1.0.1
181 silly idealTree ├── is-buffer@1.1.5
181 silly idealTree ├── is-dotfile@1.0.3
181 silly idealTree ├── is-equal-shallow@0.1.3
181 silly idealTree ├── is-extendable@0.1.1
181 silly idealTree ├── is-extglob@1.0.0
181 silly idealTree ├── is-fullwidth-code-point@2.0.0
181 silly idealTree ├── is-glob@2.0.1
181 silly idealTree ├── is-npm@1.0.0
181 silly idealTree ├── is-number@2.1.0
181 silly idealTree ├── is-obj@1.0.1
181 silly idealTree ├── is-posix-bracket@0.1.1
181 silly idealTree ├── is-primitive@2.0.0
181 silly idealTree ├── is-promise@1.0.1
181 silly idealTree ├── is-redirect@1.0.0
181 silly idealTree ├── is-retry-allowed@1.1.0
181 silly idealTree ├── is-stream@1.1.0
181 silly idealTree ├── isarray@1.0.0
181 silly idealTree ├── isexe@2.0.0
181 silly idealTree ├── isobject@2.1.0
181 silly idealTree ├─┬ jade@1.3.1
181 silly idealTree │ ├── transformers@2.1.0
181 silly idealTree │ └── uglify-js@2.2.5
181 silly idealTree ├── kareem@1.5.0
181 silly idealTree ├── kind-of@3.2.2
181 silly idealTree ├── latest-version@3.1.0
181 silly idealTree ├── lodash._baseassign@3.2.0
181 silly idealTree ├── lodash._basecopy@3.0.1
181 silly idealTree ├── lodash._bindcallback@3.0.1
181 silly idealTree ├── lodash._createassigner@3.1.1
181 silly idealTree ├── lodash._getnative@3.9.1
181 silly idealTree ├── lodash._isiterateecall@3.0.9
181 silly idealTree ├── lodash.assign@3.2.0
181 silly idealTree ├── lodash.defaults@3.1.2
181 silly idealTree ├── lodash.isarguments@3.1.0
181 silly idealTree ├── lodash.isarray@3.0.4
181 silly idealTree ├── lodash.keys@3.1.2
181 silly idealTree ├── lodash.restparam@3.6.1
181 silly idealTree ├── lodash@4.17.4
181 silly idealTree ├── lowercase-keys@1.0.0
181 silly idealTree ├── lru-cache@4.1.1
181 silly idealTree ├── make-dir@1.0.0
181 silly idealTree ├── map-stream@0.1.0
181 silly idealTree ├── merge-descriptors@0.0.2
181 silly idealTree ├── methods@0.1.0
181 silly idealTree ├── micromatch@2.3.11
181 silly idealTree ├── mime@1.2.11
181 silly idealTree ├── minimatch@3.0.4
181 silly idealTree ├── minimist@1.2.0
181 silly idealTree ├── mkdirp@0.3.5
181 silly idealTree ├── mongodb-core@2.1.15
181 silly idealTree ├─┬ mongodb@2.2.31
181 silly idealTree │ ├── es6-promise@3.2.1
181 silly idealTree │ └── readable-stream@2.2.7
181 silly idealTree ├── mongoose@4.11.10
181 silly idealTree ├── monk-middleware-cast-ids@0.2.1
181 silly idealTree ├── monk-middleware-fields@0.2.0
181 silly idealTree ├── monk-middleware-handle-callback@0.2.1
181 silly idealTree ├── monk-middleware-options@0.2.1
181 silly idealTree ├── monk-middleware-query@0.2.0
181 silly idealTree ├── monk-middleware-wait-for-connection@0.2.0
181 silly idealTree ├── monk@6.0.4
181 silly idealTree ├─┬ monocle@1.1.51
181 silly idealTree │ └── readdirp@0.2.5
181 silly idealTree ├─┬ morgan@1.0.1
181 silly idealTree │ └── bytes@0.3.0
181 silly idealTree ├── mpath@0.3.0
181 silly idealTree ├── mpromise@0.5.5
181 silly idealTree ├─┬ mquery@2.3.1
181 silly idealTree │ ├── debug@2.6.8
181 silly idealTree │ └── sliced@0.0.5
181 silly idealTree ├── ms@2.0.0
181 silly idealTree ├── muri@1.2.2
181 silly idealTree ├── negotiator@0.3.0
181 silly idealTree ├─┬ nodemon@1.12.0
181 silly idealTree │ └── debug@2.6.8
181 silly idealTree ├── nopt@1.0.10
181 silly idealTree ├── normalize-path@2.1.1
181 silly idealTree ├── npm-run-path@2.0.2
181 silly idealTree ├── number-is-nan@1.0.1
181 silly idealTree ├── object-assign@4.1.1
181 silly idealTree ├── object.omit@2.0.1
181 silly idealTree ├── optimist@0.3.7
181 silly idealTree ├── p-finally@1.0.0
181 silly idealTree ├── package-json@4.0.1
181 silly idealTree ├── parse-glob@3.0.4
181 silly idealTree ├── parseurl@1.0.1
181 silly idealTree ├── path-is-absolute@1.0.1
181 silly idealTree ├── path-key@2.0.1
181 silly idealTree ├── path-to-regexp@0.1.2
181 silly idealTree ├── pause-stream@0.0.11
181 silly idealTree ├── pify@2.3.0
181 silly idealTree ├── prepend-http@1.0.4
181 silly idealTree ├── preserve@0.2.0
181 silly idealTree ├── process-nextick-args@1.0.7
181 silly idealTree ├── promise@2.0.0
181 silly idealTree ├── ps-tree@1.1.0
181 silly idealTree ├── pseudomap@1.0.2
181 silly idealTree ├── qs@0.6.6
181 silly idealTree ├─┬ randomatic@1.1.7
181 silly idealTree │ ├─┬ is-number@3.0.0
181 silly idealTree │ │ └── kind-of@3.2.2
181 silly idealTree │ └── kind-of@4.0.0
181 silly idealTree ├── range-parser@1.0.0
181 silly idealTree ├─┬ raw-body@1.1.7
181 silly idealTree │ └── string_decoder@0.10.31
181 silly idealTree ├── rc@1.2.1
181 silly idealTree ├── readable-stream@2.3.3
181 silly idealTree ├── readdirp@2.1.0
181 silly idealTree ├── regex-cache@0.4.4
181 silly idealTree ├── regexp-clone@0.0.1
181 silly idealTree ├── registry-auth-token@3.3.1
181 silly idealTree ├── registry-url@3.1.0
181 silly idealTree ├── remove-trailing-separator@1.1.0
181 silly idealTree ├── repeat-element@1.1.2
181 silly idealTree ├── repeat-string@1.6.1
181 silly idealTree ├── require_optional@1.0.1
181 silly idealTree ├── resolve-from@2.0.0
181 silly idealTree ├── safe-buffer@5.1.1
181 silly idealTree ├── semver-diff@2.1.0
181 silly idealTree ├── semver@5.4.1
181 silly idealTree ├── send@0.2.0
181 silly idealTree ├─┬ serve-static@1.0.1
181 silly idealTree │ ├── fresh@0.2.0
181 silly idealTree │ ├── range-parser@0.0.4
181 silly idealTree │ └── send@0.1.4
181 silly idealTree ├── set-immediate-shim@1.0.1
181 silly idealTree ├── shebang-command@1.2.0
181 silly idealTree ├── shebang-regex@1.0.0
181 silly idealTree ├── signal-exit@3.0.2
181 silly idealTree ├── sliced@1.0.1
181 silly idealTree ├── sorted-object@2.0.1
181 silly idealTree ├─┬ source-map@0.1.34
181 silly idealTree │ └── amdefine@1.0.1
181 silly idealTree ├── split@0.3.3
181 silly idealTree ├── static-favicon@1.0.2
181 silly idealTree ├── stream-combiner@0.0.4
181 silly idealTree ├── string_decoder@1.0.3
181 silly idealTree ├── string-width@2.1.1
181 silly idealTree ├── strip-ansi@4.0.0
181 silly idealTree ├── strip-eof@1.0.0
181 silly idealTree ├── strip-json-comments@2.0.1
181 silly idealTree ├── supports-color@4.4.0
181 silly idealTree ├── term-size@1.2.0
181 silly idealTree ├── through@2.3.8
181 silly idealTree ├── timed-out@4.0.1
181 silly idealTree ├── touch@3.1.0
181 silly idealTree ├── transformers
181 silly idealTree ├── type-is@1.1.0
181 silly idealTree ├─┬ uglify-js@2.4.24
181 silly idealTree │ └── async@0.2.10
181 silly idealTree ├── uglify-to-browserify@1.0.2
181 silly idealTree ├── undefsafe@0.0.3
181 silly idealTree ├── unique-string@1.0.0
181 silly idealTree ├── unzip-response@2.0.1
181 silly idealTree ├── update-notifier@2.2.0
181 silly idealTree ├── url-parse-lax@1.0.0
181 silly idealTree ├── util-deprecate@1.0.2
181 silly idealTree ├── utils-merge@1.0.0
181 silly idealTree ├── which@1.3.0
181 silly idealTree ├─┬ widest-line@1.0.0
181 silly idealTree │ ├── ansi-regex@2.1.1
181 silly idealTree │ ├── is-fullwidth-code-point@1.0.0
181 silly idealTree │ ├── string-width@1.0.2
181 silly idealTree │ └── strip-ansi@3.0.1
181 silly idealTree ├── window-size@0.1.0
181 silly idealTree ├── with@3.0.1
181 silly idealTree ├── wordwrap@0.0.2
181 silly idealTree ├── write-file-atomic@2.3.0
181 silly idealTree ├── xdg-basedir@3.0.0
181 silly idealTree ├── yallist@2.1.2
181 silly idealTree └─┬ yargs@3.5.4
181 silly idealTree   └── camelcase@1.2.1
182 silly generateActionsToTake Starting
183 silly install generateActionsToTake
184 silly generateActionsToTake Finishing
185 silly diffTrees action count 5
186 silly diffTrees move uglify-js@2.2.5
187 silly diffTrees add transformers@2.1.0
188 silly diffTrees update debug@2.6.8
189 silly diffTrees add amdefine@1.0.1
190 silly diffTrees update monk@6.0.4
191 silly decomposeActions action count 37
192 silly decomposeActions move uglify-js@2.2.5
193 silly decomposeActions build uglify-js@2.2.5
194 silly decomposeActions install uglify-js@2.2.5
195 silly decomposeActions postinstall uglify-js@2.2.5
196 silly decomposeActions test uglify-js@2.2.5
197 silly decomposeActions fetch transformers@2.1.0
198 silly decomposeActions extract transformers@2.1.0
199 silly decomposeActions test transformers@2.1.0
200 silly decomposeActions preinstall transformers@2.1.0
201 silly decomposeActions build transformers@2.1.0
202 silly decomposeActions install transformers@2.1.0
203 silly decomposeActions postinstall transformers@2.1.0
204 silly decomposeActions finalize transformers@2.1.0
205 silly decomposeActions fetch debug@2.6.8
206 silly decomposeActions extract debug@2.6.8
207 silly decomposeActions test debug@2.6.8
208 silly decomposeActions preinstall debug@2.6.8
209 silly decomposeActions build debug@2.6.8
210 silly decomposeActions install debug@2.6.8
211 silly decomposeActions postinstall debug@2.6.8
212 silly decomposeActions finalize debug@2.6.8
213 silly decomposeActions fetch amdefine@1.0.1
214 silly decomposeActions extract amdefine@1.0.1
215 silly decomposeActions test amdefine@1.0.1
216 silly decomposeActions preinstall amdefine@1.0.1
217 silly decomposeActions build amdefine@1.0.1
218 silly decomposeActions install amdefine@1.0.1
219 silly decomposeActions postinstall amdefine@1.0.1
220 silly decomposeActions finalize amdefine@1.0.1
221 silly decomposeActions fetch monk@6.0.4
222 silly decomposeActions extract monk@6.0.4
223 silly decomposeActions test monk@6.0.4
224 silly decomposeActions preinstall monk@6.0.4
225 silly decomposeActions build monk@6.0.4
226 silly decomposeActions install monk@6.0.4
227 silly decomposeActions postinstall monk@6.0.4
228 silly decomposeActions finalize monk@6.0.4
229 silly executeActions Starting
230 silly install executeActions
231 silly doSerial global-install 0
232 silly doParallel fetch 4
233 verbose lock using /home/user/.npm/_locks/staging-da80fd9b9a683cc8.lock for /home/user/projects/gameAssign/node_modules/.staging
234 silly doParallel extract 4
235 silly extract transformers@2.1.0
236 silly extract debug@2.6.8
237 silly extract amdefine@1.0.1
238 silly extract monk@6.0.4
239 silly addNamed monk@6.0.4
240 verbose addNamed "6.0.4" is a plain semver version for monk
241 silly mapToRegistry name monk
242 silly mapToRegistry using default registry
243 silly mapToRegistry registry https://registry.npmjs.org/
244 silly mapToRegistry uri https://registry.npmjs.org/monk
245 verbose addNameVersion registry:https://registry.npmjs.org/monk not in flight; fetching
246 verbose request uri https://registry.npmjs.org/monk
247 verbose request no auth needed
248 info attempt registry request try #1 at 8:57:04 PM
249 http request GET https://registry.npmjs.org/monk
250 verbose unbuild node_modules/.staging/debug-630a77d8
251 verbose unbuild node_modules/.staging/transformers-b492f1fb
252 verbose unbuild node_modules/.staging/amdefine-627593ae
253 silly gentlyRm /home/user/projects/gameAssign/node_modules/.staging/debug-630a77d8 is being purged from base /home/user/projects/gameAssign
254 verbose gentlyRm don't care about contents; nuking /home/user/projects/gameAssign/node_modules/.staging/debug-630a77d8
255 silly gentlyRm /home/user/projects/gameAssign/node_modules/.staging/transformers-b492f1fb is being purged from base /home/user/projects/gameAssign
256 verbose gentlyRm don't care about contents; nuking /home/user/projects/gameAssign/node_modules/.staging/transformers-b492f1fb
257 silly gentlyRm /home/user/projects/gameAssign/node_modules/.staging/amdefine-627593ae is being purged from base /home/user/projects/gameAssign
258 verbose gentlyRm don't care about contents; nuking /home/user/projects/gameAssign/node_modules/.staging/amdefine-627593ae
259 verbose tar unpack /home/user/.npm/debug/2.6.8/package.tgz
260 verbose tar unpacking to /home/user/projects/gameAssign/node_modules/.staging/debug-630a77d8
261 silly gentlyRm /home/user/projects/gameAssign/node_modules/.staging/debug-630a77d8 is being purged
262 verbose gentlyRm don't care about contents; nuking /home/user/projects/gameAssign/node_modules/.staging/debug-630a77d8
263 verbose tar unpack /home/user/.npm/transformers/2.1.0/package.tgz
264 verbose tar unpacking to /home/user/projects/gameAssign/node_modules/.staging/transformers-b492f1fb
265 silly gentlyRm /home/user/projects/gameAssign/node_modules/.staging/transformers-b492f1fb is being purged
266 verbose gentlyRm don't care about contents; nuking /home/user/projects/gameAssign/node_modules/.staging/transformers-b492f1fb
267 verbose tar unpack /home/user/.npm/amdefine/1.0.1/package.tgz
268 verbose tar unpacking to /home/user/projects/gameAssign/node_modules/.staging/amdefine-627593ae
269 silly gentlyRm /home/user/projects/gameAssign/node_modules/.staging/amdefine-627593ae is being purged
270 verbose gentlyRm don't care about contents; nuking /home/user/projects/gameAssign/node_modules/.staging/amdefine-627593ae
271 silly gunzTarPerm modes [ '775', '664' ]
272 silly gunzTarPerm modes [ '775', '664' ]
273 silly gunzTarPerm modes [ '775', '664' ]
274 silly gunzTarPerm extractEntry package.json
275 silly gunzTarPerm modified mode [ 'package.json', 420, 436 ]
276 silly gunzTarPerm extractEntry package.json
277 silly gunzTarPerm modified mode [ 'package.json', 438, 436 ]
278 silly gunzTarPerm extractEntry package.json
279 silly gunzTarPerm modified mode [ 'package.json', 420, 436 ]
280 silly gunzTarPerm extractEntry .npmignore
281 silly gunzTarPerm modified mode [ '.npmignore', 420, 436 ]
282 silly gunzTarPerm extractEntry README.md
283 silly gunzTarPerm modified mode [ 'README.md', 420, 436 ]
284 silly gunzTarPerm extractEntry .npmignore
285 silly gunzTarPerm modified mode [ '.npmignore', 438, 436 ]
286 silly gunzTarPerm extractEntry README.md
287 silly gunzTarPerm modified mode [ 'README.md', 438, 436 ]
288 silly gunzTarPerm extractEntry README.md
289 silly gunzTarPerm modified mode [ 'README.md', 420, 436 ]
290 silly gunzTarPerm extractEntry LICENSE
291 silly gunzTarPerm modified mode [ 'LICENSE', 420, 436 ]
292 silly gunzTarPerm extractEntry amdefine.js
293 silly gunzTarPerm modified mode [ 'amdefine.js', 420, 436 ]
294 silly gunzTarPerm extractEntry intercept.js
295 silly gunzTarPerm modified mode [ 'intercept.js', 420, 436 ]
296 silly gunzTarPerm extractEntry LICENSE
297 silly gunzTarPerm modified mode [ 'LICENSE', 420, 436 ]
298 silly gunzTarPerm extractEntry history.md
299 silly gunzTarPerm modified mode [ 'history.md', 438, 436 ]
300 silly gunzTarPerm extractEntry lib/shared.js
301 silly gunzTarPerm modified mode [ 'lib/shared.js', 438, 436 ]
302 silly gunzTarPerm extractEntry lib/transformers.js
303 silly gunzTarPerm modified mode [ 'lib/transformers.js', 438, 436 ]
304 silly gunzTarPerm extractEntry karma.conf.js
305 silly gunzTarPerm modified mode [ 'karma.conf.js', 420, 436 ]
306 silly gunzTarPerm extractEntry node.js
307 silly gunzTarPerm modified mode [ 'node.js', 420, 436 ]
308 silly gunzTarPerm extractEntry Makefile
309 silly gunzTarPerm modified mode [ 'Makefile', 420, 436 ]
310 silly gunzTarPerm extractEntry .coveralls.yml
311 silly gunzTarPerm modified mode [ '.coveralls.yml', 420, 436 ]
312 silly gunzTarPerm extractEntry .eslintrc
313 silly gunzTarPerm modified mode [ '.eslintrc', 420, 436 ]
314 silly gunzTarPerm extractEntry component.json
315 silly gunzTarPerm modified mode [ 'component.json', 420, 436 ]
316 silly gunzTarPerm extractEntry .travis.yml
317 silly gunzTarPerm modified mode [ '.travis.yml', 420, 436 ]
318 silly gunzTarPerm extractEntry CHANGELOG.md
319 silly gunzTarPerm modified mode [ 'CHANGELOG.md', 420, 436 ]
320 silly gunzTarPerm extractEntry src/browser.js
321 silly gunzTarPerm modified mode [ 'src/browser.js', 420, 436 ]
322 silly gunzTarPerm extractEntry src/debug.js
323 silly gunzTarPerm modified mode [ 'src/debug.js', 420, 436 ]
324 silly gentlyRm /home/user/projects/gameAssign/node_modules/.staging/amdefine-627593ae/node_modules is being purged
325 verbose gentlyRm don't care about contents; nuking /home/user/projects/gameAssign/node_modules/.staging/amdefine-627593ae/node_modules
326 silly gunzTarPerm extractEntry src/index.js
327 silly gunzTarPerm modified mode [ 'src/index.js', 420, 436 ]
328 silly gunzTarPerm extractEntry src/node.js
329 silly gunzTarPerm modified mode [ 'src/node.js', 420, 436 ]
330 silly gentlyRm /home/user/projects/gameAssign/node_modules/.staging/transformers-b492f1fb/node_modules is being purged
331 verbose gentlyRm don't care about contents; nuking /home/user/projects/gameAssign/node_modules/.staging/transformers-b492f1fb/node_modules
332 silly gentlyRm /home/user/projects/gameAssign/node_modules/.staging/debug-630a77d8/node_modules is being purged
333 verbose gentlyRm don't care about contents; nuking /home/user/projects/gameAssign/node_modules/.staging/debug-630a77d8/node_modules
334 http 200 https://registry.npmjs.org/monk
335 verbose headers { server: 'nginx/1.10.1',
335 verbose headers   'content-type': 'application/json',
335 verbose headers   'last-modified': 'Mon, 11 Sep 2017 10:44:04 GMT',
335 verbose headers   etag: 'W/"59b668f4-124e5"',
335 verbose headers   'content-encoding': 'gzip',
335 verbose headers   'cache-control': 'max-age=300',
335 verbose headers   'content-length': '8690',
335 verbose headers   'accept-ranges': 'bytes',
335 verbose headers   date: 'Thu, 14 Sep 2017 00:57:04 GMT',
335 verbose headers   via: '1.1 varnish',
335 verbose headers   age: '0',
335 verbose headers   connection: 'keep-alive',
335 verbose headers   'x-served-by': 'cache-dca17743-DCA',
335 verbose headers   'x-cache': 'MISS',
335 verbose headers   'x-cache-hits': '0',
335 verbose headers   'x-timer': 'S1505350624.217742,VS0,VE18',
335 verbose headers   vary: 'Accept-Encoding, Accept' }
336 silly get cb [ 200,
336 silly get   { server: 'nginx/1.10.1',
336 silly get     'content-type': 'application/json',
336 silly get     'last-modified': 'Mon, 11 Sep 2017 10:44:04 GMT',
336 silly get     etag: 'W/"59b668f4-124e5"',
336 silly get     'content-encoding': 'gzip',
336 silly get     'cache-control': 'max-age=300',
336 silly get     'content-length': '8690',
336 silly get     'accept-ranges': 'bytes',
336 silly get     date: 'Thu, 14 Sep 2017 00:57:04 GMT',
336 silly get     via: '1.1 varnish',
336 silly get     age: '0',
336 silly get     connection: 'keep-alive',
336 silly get     'x-served-by': 'cache-dca17743-DCA',
336 silly get     'x-cache': 'MISS',
336 silly get     'x-cache-hits': '0',
336 silly get     'x-timer': 'S1505350624.217742,VS0,VE18',
336 silly get     vary: 'Accept-Encoding, Accept' } ]
337 verbose get saving monk to /home/user/.npm/registry.npmjs.org/monk/.cache.json
338 silly mapToRegistry name monk
339 silly mapToRegistry using default registry
340 silly mapToRegistry registry https://registry.npmjs.org/
341 silly mapToRegistry uri https://registry.npmjs.org/monk
342 verbose addRemoteTarball https://registry.npmjs.org/monk/-/monk-6.0.4.tgz not in flight; adding
343 verbose addRemoteTarball [ 'https://registry.npmjs.org/monk/-/monk-6.0.4.tgz',
343 verbose addRemoteTarball   '93d9689210bf3c88438558b6505be105ce582317' ]
344 info retry fetch attempt 1 at 8:57:04 PM
345 info attempt registry request try #1 at 8:57:04 PM
346 http fetch GET https://registry.npmjs.org/monk/-/monk-6.0.4.tgz
347 http fetch 200 https://registry.npmjs.org/monk/-/monk-6.0.4.tgz
348 silly fetchAndShaCheck shasum 93d9689210bf3c88438558b6505be105ce582317
349 verbose addTmpTarball /tmp/npm-6036-f7fe3cdd/registry.npmjs.org/monk/-/monk-6.0.4.tgz not in flight; adding
350 verbose addTmpTarball already have metadata; skipping unpack for monk@6.0.4
351 verbose unbuild node_modules/.staging/monk-bfa0cd50
352 silly gentlyRm /home/user/projects/gameAssign/node_modules/.staging/monk-bfa0cd50 is being purged from base /home/user/projects/gameAssign
353 verbose gentlyRm don't care about contents; nuking /home/user/projects/gameAssign/node_modules/.staging/monk-bfa0cd50
354 verbose tar unpack /home/user/.npm/monk/6.0.4/package.tgz
355 verbose tar unpacking to /home/user/projects/gameAssign/node_modules/.staging/monk-bfa0cd50
356 silly gentlyRm /home/user/projects/gameAssign/node_modules/.staging/monk-bfa0cd50 is being purged
357 verbose gentlyRm don't care about contents; nuking /home/user/projects/gameAssign/node_modules/.staging/monk-bfa0cd50
358 silly gunzTarPerm modes [ '775', '664' ]
359 silly gunzTarPerm extractEntry package.json
360 silly gunzTarPerm modified mode [ 'package.json', 420, 436 ]
361 silly gunzTarPerm extractEntry CHANGELOG.md
362 silly gunzTarPerm modified mode [ 'CHANGELOG.md', 420, 436 ]
363 silly gunzTarPerm extractEntry index.d.ts
364 silly gunzTarPerm modified mode [ 'index.d.ts', 420, 436 ]
365 silly gunzTarPerm extractEntry LICENCE.md
366 silly gunzTarPerm modified mode [ 'LICENCE.md', 420, 436 ]
367 silly gunzTarPerm extractEntry README.md
368 silly gunzTarPerm modified mode [ 'README.md', 420, 436 ]
369 silly gunzTarPerm extractEntry lib/applyMiddlewares.js
370 silly gunzTarPerm modified mode [ 'lib/applyMiddlewares.js', 420, 436 ]
371 silly gunzTarPerm extractEntry lib/collection.js
372 silly gunzTarPerm modified mode [ 'lib/collection.js', 420, 436 ]
373 silly gunzTarPerm extractEntry lib/compose.js
374 silly gunzTarPerm modified mode [ 'lib/compose.js', 420, 436 ]
375 silly gunzTarPerm extractEntry lib/helpers.js
376 silly gunzTarPerm modified mode [ 'lib/helpers.js', 420, 436 ]
377 silly gunzTarPerm extractEntry lib/manager.js
378 silly gunzTarPerm modified mode [ 'lib/manager.js', 420, 436 ]
379 silly gunzTarPerm extractEntry lib/monk.js
380 silly gunzTarPerm modified mode [ 'lib/monk.js', 420, 436 ]
381 silly gentlyRm /home/user/projects/gameAssign/node_modules/.staging/monk-bfa0cd50/node_modules is being purged
382 verbose gentlyRm don't care about contents; nuking /home/user/projects/gameAssign/node_modules/.staging/monk-bfa0cd50/node_modules
383 silly doParallel preinstall 4
384 silly preinstall transformers@2.1.0 /home/user/projects/gameAssign/node_modules/.staging/transformers-b492f1fb
385 info lifecycle transformers@2.1.0~preinstall: transformers@2.1.0
386 silly preinstall debug@2.6.8 /home/user/projects/gameAssign/node_modules/.staging/debug-630a77d8
387 info lifecycle debug@2.6.8~preinstall: debug@2.6.8
388 silly preinstall amdefine@1.0.1 /home/user/projects/gameAssign/node_modules/.staging/amdefine-627593ae
389 info lifecycle amdefine@1.0.1~preinstall: amdefine@1.0.1
390 silly preinstall monk@6.0.4 /home/user/projects/gameAssign/node_modules/.staging/monk-bfa0cd50
391 info lifecycle monk@6.0.4~preinstall: monk@6.0.4
392 silly lifecycle transformers@2.1.0~preinstall: no script for preinstall, continuing
393 silly lifecycle debug@2.6.8~preinstall: no script for preinstall, continuing
394 silly lifecycle amdefine@1.0.1~preinstall: no script for preinstall, continuing
395 silly lifecycle monk@6.0.4~preinstall: no script for preinstall, continuing
396 silly doReverseSerial remove 0
397 silly doSerial move 1
398 silly move /home/user/projects/gameAssign/node_modules/transformers/node_modules/uglify-js /home/user/projects/gameAssign/node_modules/jade/node_modules/uglify-js
399 info lifecycle uglify-js@2.2.5~preuninstall: uglify-js@2.2.5
400 silly lifecycle uglify-js@2.2.5~preuninstall: no script for preuninstall, continuing
401 info lifecycle uglify-js@2.2.5~uninstall: uglify-js@2.2.5
402 silly lifecycle uglify-js@2.2.5~uninstall: no script for uninstall, continuing
403 verbose unbuild rmStuff uglify-js@2.2.5 from /home/user/projects/gameAssign/node_modules
404 verbose unbuild rmStuff in /home/user/projects/gameAssign/node_modules/transformers/node_modules
405 silly gentlyRm /home/user/projects/gameAssign/node_modules/transformers/node_modules/.bin/uglifyjs is being gently removed from base /home/user/projects/gameAssign/node_modules/transformers/node_modules/uglify-js
406 silly isEverInside /home/user/projects/gameAssign/node_modules/transformers/node_modules/.bin/uglifyjs is not inside /home/user/projects/gameAssign/node_modules/transformers/node_modules/uglify-js
407 silly gentlyRm parent.path = /home/user/projects/gameAssign/node_modules/transformers/node_modules/uglify-js
408 silly gentlyRm parent.managed = false
409 silly gentlyRm target.path =  /home/user/projects/gameAssign/node_modules/transformers/node_modules/.bin/uglifyjs
410 silly gentlyRm target.symlink = ../uglify-js/bin/uglifyjs
411 silly gentlyRm target.managed = false
412 silly gentlyRm target.inParent =  { target: '/home/user/projects/gameAssign/node_modules/transformers/node_modules/uglify-js/bin/uglifyjs',
412 silly gentlyRm   path: '/home/user/projects/gameAssign/node_modules/transformers/node_modules/uglify-js' }
413 verbose gentlyRm /home/user/projects/gameAssign/node_modules/transformers/node_modules/uglify-js is not contained in any diretory npm is known to control or any place they link to
414 verbose unlock done using /home/user/.npm/_locks/staging-da80fd9b9a683cc8.lock for /home/user/projects/gameAssign/node_modules/.staging
415 silly rollbackFailedOptional Starting
416 silly rollbackFailedOptional Finishing
417 silly runTopLevelLifecycles Starting
418 silly runTopLevelLifecycles Finishing
419 silly install printInstalled
420 warn optional Skipping failed optional dependency /chokidar/fsevents:
421 warn notsup Not compatible with your operating system or architecture: fsevents@1.1.2
422 warn Failed to parse json
422 warn Unexpected token '<' at 33:1
422 warn <<<<<<< HEAD
422 warn ^
423 warn File: /home/user/projects/gameAssign/node_modules/amdefine/package.json
424 warn Failed to parse json
424 warn Unexpected token '<' at 19:1
424 warn <<<<<<< HEAD
424 warn ^
425 warn File: /home/user/projects/gameAssign/node_modules/transformers/package.json
426 verbose stack Error: Refusing to delete /home/user/projects/gameAssign/node_modules/transformers/node_modules/.bin/uglifyjs: containing path /home/user/projects/gameAssign/node_modules/transformers/node_modules/uglify-js isn't under npm's control
426 verbose stack     at clobberFail (/usr/share/npm/lib/utils/gently-rm.js:162:12)
426 verbose stack     at isSafeToRm (/usr/share/npm/lib/utils/gently-rm.js:122:15)
426 verbose stack     at /usr/share/npm/lib/utils/gently-rm.js:93:5
426 verbose stack     at LOOP (/usr/share/npm/node_modules/slide/lib/chain.js:7:26)
426 verbose stack     at /usr/share/npm/node_modules/slide/lib/chain.js:18:7
426 verbose stack     at /usr/share/npm/lib/utils/gently-rm.js:179:7
426 verbose stack     at /usr/share/npm/node_modules/iferr/index.js:13:50
426 verbose stack     at _readAllLinks (/usr/share/npm/lib/utils/gently-rm.js:214:28)
426 verbose stack     at /usr/share/npm/node_modules/iferr/index.js:13:50
426 verbose stack     at /usr/share/npm/lib/utils/gently-rm.js:233:12
427 verbose cwd /home/user/projects/gameAssign
428 error Linux 4.10.0-33-generic
429 error argv "/usr/bin/nodejs" "/usr/bin/npm" "install"
430 error node v4.2.6
431 error npm  v3.5.2
432 error path /home/user/projects/gameAssign/node_modules/transformers/node_modules/.bin/uglifyjs
433 error code EEXIST
434 error Refusing to delete /home/user/projects/gameAssign/node_modules/transformers/node_modules/.bin/uglifyjs: containing path /home/user/projects/gameAssign/node_modules/transformers/node_modules/uglify-js isn't under npm's control
435 error File exists: /home/user/projects/gameAssign/node_modules/transformers/node_modules/.bin/uglifyjs
436 error Move it away, and try again.
437 verbose exit [ 1, true ]
